Array
(
    [id] => 
    [companyid] => 14
    [company] => 亦晓
    [address] => 黄埔国际机械城
    [parts] => Array
        (
            [0] => Array
                (
                    [id] => 232
                    [name] => 4BD1-大瓦标准
                    [code] => 
                    [unit] => 套
                    [price] => 129.00
                    [quantity] => 2
                    [memo] => 
                )

        )

    [num] => C303699142187533
    [book] => 
    [sheet] => 
    [operator] => 
    [date] => 2012年3月3日 18:18
    [total] => 258.00
    [type] => sale
    [warehouse] => sub
)
